app/build/outputs/logs/manifest-merger-debug-report.txt
-- Merging decision tree log ---
manifest
ADDED from src\main\AndroidManifest.xml:23:1-156:12
INJECTED from src\main\AndroidManifest.xml:23:1-156:12
INJECTED from src\main\AndroidManifest.xml:23:1-156:12
	package
		ADDED from src\main\AndroidManifest.xml:24:5-42
		INJECTED from src\main\AndroidManifest.xml
		INJECTED from src\main\AndroidManifest.xml
	xmlns:android
		ADDED from src\main\AndroidManifest.xml:23:11-69
permission#android.permission.MOUNT_UNMOUNT_FILESYSTEMS
ADDED from src\main\AndroidManifest.xml:28:5-78
	android:name
		ADDED from src\main\AndroidManifest.xml:28:17-76
uses-permission#android.permission.WRITE_EXTERNAL_STORAGE
ADDED from src\main\AndroidManifest.xml:30:5-80
	android:name
		ADDED from src\main\AndroidManifest.xml:30:22-78
application
ADDED from src\main\AndroidManifest.xml:33:5-154:19
	android:label
		ADDED from src\main\AndroidManifest.xml:34:9-41
	android:icon
		ADDED from src\main\AndroidManifest.xml:33:18-52
activity#com.example.android.notepad.OutputText
ADDED from src\main\AndroidManifest.xml:38:9-43:20
	android:label
		ADDED from src\main\AndroidManifest.xml:39:13-48
	android:windowSoftInputMode
		ADDED from src\main\AndroidManifest.xml:41:13-55
	android:theme
		ADDED from src\main\AndroidManifest.xml:40:13-61
	android:name
		ADDED from src\main\AndroidManifest.xml:38:19-44
provider#com.example.android.notepad.NotePadProvider
ADDED from src\main\AndroidManifest.xml:47:9-51:20
	android:authorities
		ADDED from src\main\AndroidManifest.xml:48:13-62
	android:exported
		ADDED from src\main\AndroidManifest.xml:49:13-37
	android:name
		ADDED from src\main\AndroidManifest.xml:47:19-49
grant-uri-permission
ADDED from src\main\AndroidManifest.xml:50:13-62
	android:pathPattern
		ADDED from src\main\AndroidManifest.xml:50:35-59
activity#com.example.android.notepad.NoteSearch
ADDED from src\main\AndroidManifest.xml:56:9-71:20
	android:label
		ADDED from src\main\AndroidManifest.xml:58:13-39
	android:theme
		ADDED from src\main\AndroidManifest.xml:59:13-60
	android:name
		ADDED from src\main\AndroidManifest.xml:57:13-39
intent-filter#action:name:android.intent.action.NoteSearch+action:name:android.intent.action.SEARCH+action:name:android.intent.action.SEARCH_LONG_PRESS+category:name:android.intent.category.DEFAULT+data:mimeType:vnd.android.cursor.dir/vnd.google.note
ADDED from src\main\AndroidManifest.xml:62:13-70:29
action#android.intent.action.NoteSearch
ADDED from src\main\AndroidManifest.xml:63:17-75
	android:name
		ADDED from src\main\AndroidManifest.xml:63:25-72
action#android.intent.action.SEARCH
ADDED from src\main\AndroidManifest.xml:64:17-71
	android:name
		ADDED from src\main\AndroidManifest.xml:64:25-68
action#android.intent.action.SEARCH_LONG_PRESS
ADDED from src\main\AndroidManifest.xml:65:17-82
	android:name
		ADDED from src\main\AndroidManifest.xml:65:25-79
category#android.intent.category.DEFAULT
ADDED from src\main\AndroidManifest.xml:66:17-76
	android:name
		ADDED from src\main\AndroidManifest.xml:66:27-73
data
ADDED from src\main\AndroidManifest.xml:67:17-83
	android:mimeType
		ADDED from src\main\AndroidManifest.xml:67:23-80
activity#com.example.android.notepad.NotesList
ADDED from src\main\AndroidManifest.xml:72:9-89:20
	android:label
		ADDED from src\main\AndroidManifest.xml:72:44-84
	android:theme
		ADDED from src\main\AndroidManifest.xml:72:85-132
	android:name
		ADDED from src\main\AndroidManifest.xml:72:19-43
intent-filter#action:name:android.intent.action.MAIN+category:name:android.intent.category.LAUNCHER
ADDED from src\main\AndroidManifest.xml:73:13-76:29
action#android.intent.action.MAIN
ADDED from src\main\AndroidManifest.xml:74:17-69
	android:name
		ADDED from src\main\AndroidManifest.xml:74:25-66
category#android.intent.category.LAUNCHER
ADDED from src\main\AndroidManifest.xml:75:17-77
	android:name
		ADDED from src\main\AndroidManifest.xml:75:27-74
intent-filter#action:name:android.intent.action.EDIT+action:name:android.intent.action.PICK+action:name:android.intent.action.VIEW+category:name:android.intent.category.DEFAULT+data:mimeType:vnd.android.cursor.dir/vnd.google.note
ADDED from src\main\AndroidManifest.xml:77:13-83:29
action#android.intent.action.VIEW
ADDED from src\main\AndroidManifest.xml:78:17-69
	android:name
		ADDED from src\main\AndroidManifest.xml:78:25-66
action#android.intent.action.EDIT
ADDED from src\main\AndroidManifest.xml:79:17-69
	android:name
		ADDED from src\main\AndroidManifest.xml:79:25-66
action#android.intent.action.PICK
ADDED from src\main\AndroidManifest.xml:80:17-69
	android:name
		ADDED from src\main\AndroidManifest.xml:80:25-66
intent-filter#action:name:android.intent.action.GET_CONTENT+category:name:android.intent.category.DEFAULT+data:mimeType:vnd.android.cursor.item/vnd.google.note
ADDED from src\main\AndroidManifest.xml:84:13-88:29
action#android.intent.action.GET_CONTENT
ADDED from src\main\AndroidManifest.xml:85:17-76
	android:name
		ADDED from src\main\AndroidManifest.xml:85:25-73
activity#com.example.android.notepad.NoteEditor
ADDED from src\main\AndroidManifest.xml:91:9-117:20
	android:screenOrientation
		ADDED from src\main\AndroidManifest.xml:93:13-47
	android:configChanges
		ADDED from src\main\AndroidManifest.xml:94:13-63
	android:theme
		ADDED from src\main\AndroidManifest.xml:92:13-60
	android:name
		ADDED from src\main\AndroidManifest.xml:91:19-44
intent-filter#action:name:android.intent.action.EDIT+action:name:android.intent.action.VIEW+action:name:com.android.notepad.action.EDIT_NOTE+category:name:android.intent.category.DEFAULT+data:mimeType:vnd.android.cursor.item/vnd.google.note
ADDED from src\main\AndroidManifest.xml:98:13-104:29
	android:label
		ADDED from src\main\AndroidManifest.xml:98:28-64
action#com.android.notepad.action.EDIT_NOTE
ADDED from src\main\AndroidManifest.xml:101:17-79
	android:name
		ADDED from src\main\AndroidManifest.xml:101:25-76
intent-filter#action:name:android.intent.action.INSERT+action:name:android.intent.action.PASTE+category:name:android.intent.category.DEFAULT+data:mimeType:vnd.android.cursor.dir/vnd.google.note
ADDED from src\main\AndroidManifest.xml:110:13-115:29
action#android.intent.action.INSERT
ADDED from src\main\AndroidManifest.xml:111:17-71
	android:name
		ADDED from src\main\AndroidManifest.xml:111:25-68
action#android.intent.action.PASTE
ADDED from src\main\AndroidManifest.xml:112:17-70
	android:name
		ADDED from src\main\AndroidManifest.xml:112:25-67
activity#com.example.android.notepad.TitleEditor
ADDED from src\main\AndroidManifest.xml:119:9-144:20
	android:label
		ADDED from src\main\AndroidManifest.xml:120:13-53
	android:windowSoftInputMode
		ADDED from src\main\AndroidManifest.xml:123:13-55
	android:icon
		ADDED from src\main\AndroidManifest.xml:121:13-50
	android:theme
		ADDED from src\main\AndroidManifest.xml:122:13-61
	android:name
		ADDED from src\main\AndroidManifest.xml:119:19-45
intent-filter#action:name:com.android.notepad.action.EDIT_TITLE+category:name:android.intent.category.ALTERNATIVE+category:name:android.intent.category.DEFAULT+category:name:android.intent.category.SELECTED_ALTERNATIVE+data:mimeType:vnd.android.cursor.item/vnd.google.note
ADDED from src\main\AndroidManifest.xml:128:13-143:29
	android:label
		ADDED from src\main\AndroidManifest.xml:128:28-65
action#com.android.notepad.action.EDIT_TITLE
ADDED from src\main\AndroidManifest.xml:132:17-80
	android:name
		ADDED from src\main\AndroidManifest.xml:132:25-77
category#android.intent.category.ALTERNATIVE
ADDED from src\main\AndroidManifest.xml:137:17-80
	android:name
		ADDED from src\main\AndroidManifest.xml:137:27-77
category#android.intent.category.SELECTED_ALTERNATIVE
ADDED from src\main\AndroidManifest.xml:140:17-89
	android:name
		ADDED from src\main\AndroidManifest.xml:140:27-86
activity#com.example.android.notepad.NotesLiveFolder
ADDED from src\main\AndroidManifest.xml:146:9-152:20
	android:label
		ADDED from src\main\AndroidManifest.xml:146:50-90
	android:icon
		ADDED from src\main\AndroidManifest.xml:147:13-55
	android:name
		ADDED from src\main\AndroidManifest.xml:146:19-49
intent-filter#action:name:android.intent.action.CREATE_LIVE_FOLDER+category:name:android.intent.category.DEFAULT
ADDED from src\main\AndroidManifest.xml:148:13-151:29
action#android.intent.action.CREATE_LIVE_FOLDER
ADDED from src\main\AndroidManifest.xml:149:17-83
	android:name
		ADDED from src\main\AndroidManifest.xml:149:25-80
uses-sdk
INJECTED from src\main\AndroidManifest.xml reason: use-sdk injection requested
INJECTED from src\main\AndroidManifest.xml
INJECTED from src\main\AndroidManifest.xml
INJECTED from src\main\AndroidManifest.xml
INJECTED from src\main\AndroidManifest.xml
	android:targetSdkVersion
		INJECTED from src\main\AndroidManifest.xml
		ADDED from src\main\AndroidManifest.xml
		INJECTED from src\main\AndroidManifest.xml
	android:minSdkVersion
		INJECTED from src\main\AndroidManifest.xml
		ADDED from src\main\AndroidManifest.xml
		INJECTED from src\main\AndroidManifest.xml